SF:lib/core/services/hive_service.dart
DA:10,2
DA:11,0
DA:12,4
DA:13,4
DA:14,4
DA:17,0
DA:19,0
DA:22,0
DA:24,0
DA:25,0
DA:29,6
DA:31,6
DA:33,0
DA:34,0
LF:14
LH:6
end_of_record
SF:lib/features/settings/data/settings_repository.dart
DA:6,4
DA:7,2
DA:10,4
DA:11,2
DA:12,1
DA:15,4
DA:16,2
DA:17,1
DA:20,4
DA:21,2
DA:22,1
DA:25,4
DA:26,2
DA:27,1
DA:30,4
DA:31,2
DA:32,1
DA:35,4
DA:36,2
DA:37,1
DA:40,4
DA:41,2
DA:42,1
DA:45,4
DA:46,2
DA:47,1
DA:50,4
DA:51,2
DA:52,1
DA:55,2
DA:56,2
DA:57,2
DA:58,1
DA:61,2
DA:62,2
DA:63,2
DA:64,1
DA:68,3
DA:72,0
DA:73,0
DA:74,0
DA:79,3
DA:83,0
DA:84,0
DA:85,0
DA:90,3
DA:94,0
DA:95,0
DA:96,0
DA:101,3
DA:105,0
DA:106,0
DA:107,0
DA:112,3
DA:116,0
DA:117,0
DA:118,0
DA:123,3
DA:127,0
DA:128,0
DA:129,0
DA:134,3
DA:138,0
DA:139,0
DA:140,0
DA:145,3
DA:149,0
DA:150,0
DA:151,0
DA:156,3
DA:160,0
DA:161,0
DA:162,0
DA:167,1
DA:168,2
DA:172,0
DA:173,0
DA:174,0
DA:179,1
DA:180,2
DA:184,0
DA:185,0
DA:186,0
DA:212,2
DA:216,1
DA:217,2
DA:218,1
DA:219,0
DA:222,0
DA:223,0
DA:224,0
DA:225,0
DA:228,0
DA:229,0
DA:230,0
DA:233,0
DA:234,0
DA:235,0
DA:236,0
DA:237,0
DA:238,0
DA:242,0
DA:243,0
DA:244,0
DA:245,0
DA:248,0
DA:249,0
DA:250,0
DA:251,0
DA:254,0
DA:255,0
DA:256,0
DA:257,0
DA:260,0
DA:261,0
DA:264,0
DA:265,0
DA:266,0
DA:269,3
DA:271,0
DA:273,6
DA:275,3
DA:277,6
DA:279,3
DA:281,6
DA:283,3
DA:285,6
DA:287,3
DA:289,6
DA:291,3
DA:293,2
DA:294,4
DA:296,1
DA:297,2
DA:299,6
DA:301,1
DA:302,2
DA:304,6
DA:306,1
DA:307,2
DA:309,2
DA:310,2
DA:311,4
DA:317,1
DA:318,3
DA:320,2
DA:321,2
DA:322,4
DA:325,1
DA:326,3
DA:328,1
DA:329,2
DA:330,2
DA:331,2
DA:332,2
DA:333,2
DA:334,2
DA:335,2
DA:336,2
DA:340,2
DA:341,2
DA:342,2
DA:346,3
DA:348,0
DA:349,0
DA:350,0
DA:354,0
DA:357,0
DA:358,0
DA:359,0
DA:362,0
DA:363,0
DA:366,0
DA:367,0
DA:368,0
DA:371,0
LF:176
LH:98
end_of_record
SF:lib/core/services/logging_env.dart
DA:4,2
DA:6,2
DA:8,4
DA:10,1
DA:11,1
DA:12,1
DA:13,1
DA:19,1
DA:21,3
LF:9
LH:9
end_of_record
SF:lib/core/config/app_config.dart
DA:6,1
DA:7,1
DA:8,0
DA:13,1
DA:17,2
DA:20,0
DA:21,0
DA:22,0
DA:29,0
DA:30,0
DA:31,0
DA:38,0
DA:40,1
DA:42,2
LF:14
LH:6
end_of_record
SF:lib/core/services/app_navigation_service.dart
DA:4,0
DA:5,0
LF:2
LH:0
end_of_record
SF:lib/core/services/logging_service.dart
DA:19,4
DA:20,1
DA:21,2
DA:28,1
DA:38,1
DA:40,0
DA:42,0
DA:43,0
DA:46,0
DA:49,0
DA:50,0
DA:53,0
DA:54,0
DA:57,0
DA:58,0
DA:59,0
DA:62,0
DA:64,0
DA:66,0
DA:67,0
DA:70,0
DA:71,0
DA:74,0
DA:80,0
DA:82,0
DA:85,0
DA:87,0
DA:90,0
DA:97,0
DA:98,0
DA:99,0
DA:100,0
DA:101,0
DA:103,0
DA:106,0
DA:107,0
DA:109,0
DA:110,0
DA:111,0
DA:112,0
DA:117,0
DA:122,0
DA:123,0
DA:126,0
DA:131,0
DA:132,0
DA:136,0
DA:140,0
DA:149,0
DA:150,0
DA:151,0
DA:152,0
DA:155,0
DA:158,0
DA:160,0
DA:161,0
DA:164,0
DA:168,0
DA:172,1
DA:173,1
DA:174,0
DA:177,0
DA:178,0
DA:179,0
DA:183,0
DA:186,0
DA:187,0
DA:188,0
DA:189,0
DA:190,0
DA:191,0
DA:195,0
DA:200,0
DA:201,0
DA:203,0
DA:210,0
DA:215,0
DA:216,0
DA:217,0
DA:221,0
DA:222,0
DA:224,0
DA:225,0
DA:228,0
DA:229,0
DA:230,0
DA:231,0
DA:232,0
DA:233,0
DA:234,0
DA:235,0
DA:236,0
DA:239,0
DA:242,0
DA:245,0
DA:246,0
DA:247,0
DA:248,0
DA:249,0
DA:253,0
DA:254,0
DA:256,0
DA:260,0
DA:262,0
DA:263,0
DA:264,0
DA:265,0
DA:266,0
DA:268,0
DA:270,0
DA:271,0
DA:274,0
DA:275,0
DA:276,0
DA:277,0
DA:278,0
DA:282,1
DA:285,1
DA:287,0
DA:290,0
DA:291,0
DA:292,0
DA:293,0
DA:298,0
DA:299,0
DA:300,0
DA:301,0
DA:302,0
DA:303,0
DA:304,0
DA:309,1
DA:310,1
DA:311,0
DA:315,0
DA:316,0
DA:317,0
DA:321,0
DA:322,0
DA:325,0
DA:328,0
DA:330,0
DA:336,0
DA:338,0
DA:339,0
DA:342,0
DA:348,0
DA:349,0
DA:350,0
DA:353,0
DA:356,0
DA:357,0
DA:361,0
DA:362,0
DA:363,0
DA:366,0
DA:370,0
DA:373,0
DA:374,0
DA:378,0
DA:379,0
DA:380,0
DA:381,0
DA:382,0
DA:384,0
DA:387,0
DA:390,0
DA:391,0
DA:392,0
DA:395,0
DA:398,0
DA:399,0
DA:400,0
DA:404,0
DA:410,0
DA:411,0
DA:414,0
DA:416,0
DA:420,0
DA:421,0
DA:422,0
DA:426,0
DA:427,0
DA:428,0
DA:429,0
DA:431,0
DA:432,0
DA:436,0
DA:437,0
DA:438,0
DA:442,0
DA:444,0
DA:445,0
DA:446,0
DA:449,0
DA:450,0
DA:451,0
DA:452,0
DA:453,0
DA:457,0
DA:461,0
DA:462,0
DA:463,0
DA:464,0
DA:467,0
DA:468,0
DA:471,0
DA:472,0
DA:473,0
DA:477,0
DA:478,0
DA:479,0
DA:480,0
DA:484,0
DA:487,0
DA:488,0
DA:489,0
DA:490,0
DA:493,0
DA:494,0
DA:497,0
DA:498,0
DA:499,0
DA:500,0
DA:501,0
DA:504,0
DA:505,0
DA:506,0
DA:507,0
DA:508,0
DA:509,0
DA:510,0
DA:511,0
DA:516,0
DA:520,0
DA:521,0
DA:522,0
DA:525,0
DA:528,0
DA:530,0
DA:531,0
DA:532,0
DA:533,0
DA:534,0
DA:537,0
DA:542,0
DA:544,0
DA:545,0
DA:546,0
DA:547,0
DA:548,0
DA:549,0
LF:251
LH:11
end_of_record
SF:lib/core/services/notification_service.dart
DA:9,4
DA:11,0
DA:12,0
DA:22,0
DA:23,0
DA:25,0
DA:26,0
DA:27,0
DA:31,0
DA:35,0
DA:36,0
DA:37,0
DA:38,0
DA:39,0
DA:40,0
DA:41,0
DA:42,0
DA:43,0
DA:46,0
DA:54,0
DA:55,0
DA:56,0
DA:59,0
DA:60,0
DA:61,0
DA:65,0
DA:66,0
DA:67,0
DA:73,0
DA:75,0
DA:76,0
DA:78,0
DA:83,0
DA:85,0
DA:86,0
DA:88,0
DA:90,0
DA:91,0
DA:93,0
DA:98,0
DA:100,0
DA:102,0
DA:103,0
DA:104,0
DA:108,0
DA:109,0
DA:112,0
DA:113,0
DA:115,0
DA:119,0
DA:120,0
DA:121,0
DA:123,0
DA:124,0
DA:126,0
DA:127,0
DA:132,0
DA:133,0
DA:134,0
DA:136,0
DA:137,0
DA:139,0
DA:140,0
DA:145,0
DA:146,0
DA:147,0
DA:148,0
DA:149,0
DA:150,0
DA:153,0
DA:154,0
DA:156,0
DA:160,0
DA:161,0
DA:162,0
DA:164,0
DA:165,0
DA:166,0
DA:167,0
DA:168,0
DA:172,0
DA:173,0
DA:174,0
DA:176,0
DA:177,0
DA:179,0
DA:180,0
DA:183,0
DA:186,0
DA:188,0
DA:189,0
DA:190,0
DA:193,0
DA:194,0
DA:196,0
DA:200,0
DA:201,0
DA:202,0
DA:203,0
DA:207,0
DA:208,0
DA:209,0
DA:210,0
DA:211,0
DA:213,0
DA:214,0
DA:215,0
DA:219,0
DA:220,0
DA:221,0
DA:225,0
DA:226,0
DA:229,0
DA:231,0
DA:232,0
DA:233,0
DA:234,0
DA:235,0
DA:242,0
DA:243,0
DA:244,0
DA:245,0
DA:247,0
LF:123
LH:1
end_of_record
SF:lib/core/services/sync_service.dart
DA:10,0
DA:11,0
DA:14,3
DA:15,0
DA:16,0
DA:17,0
DA:18,0
DA:19,0
DA:22,0
DA:24,0
DA:25,0
DA:26,0
DA:27,0
DA:28,0
DA:32,0
DA:39,0
DA:40,0
DA:41,0
DA:43,0
DA:44,0
DA:45,0
DA:47,0
DA:48,0
LF:23
LH:1
end_of_record
SF:lib/features/events/data/event_repository.dart
DA:6,0
DA:7,0
DA:11,0
DA:15,0
DA:16,0
DA:17,0
DA:18,0
DA:19,0
DA:22,0
DA:23,0
DA:24,0
DA:25,0
LF:12
LH:0
end_of_record
SF:lib/features/events/data/remote_event_source.dart
DA:10,2
DA:15,1
DA:22,1
DA:23,2
DA:24,2
DA:27,4
DA:28,1
DA:30,1
DA:34,0
DA:35,0
DA:36,0
DA:37,0
DA:40,2
DA:41,1
DA:42,2
DA:46,2
DA:47,2
DA:48,1
DA:49,2
DA:50,1
DA:54,0
DA:57,1
DA:62,1
DA:63,2
DA:64,1
DA:68,0
DA:71,1
DA:76,1
DA:77,0
DA:78,0
DA:82,0
DA:85,0
DA:90,1
DA:91,0
DA:92,0
DA:96,0
DA:99,0
DA:107,0
DA:108,0
DA:109,0
DA:112,0
DA:113,0
DA:115,0
DA:119,0
DA:120,0
DA:121,0
DA:122,0
DA:125,0
DA:126,0
DA:128,0
DA:129,0
DA:130,0
DA:131,0
DA:135,0
DA:138,0
DA:143,0
DA:144,0
DA:145,0
DA:149,0
DA:152,0
DA:157,0
DA:158,0
DA:159,0
DA:163,0
DA:166,0
DA:174,0
DA:175,0
DA:176,0
DA:179,0
DA:180,0
DA:182,0
DA:186,0
DA:187,0
DA:188,0
DA:189,0
DA:192,0
DA:193,0
DA:194,0
DA:198,0
DA:199,0
DA:200,0
DA:201,0
DA:205,0
DA:208,0
DA:213,0
DA:214,0
DA:215,0
DA:219,0
DA:222,0
DA:227,0
DA:228,0
DA:229,0
DA:233,0
DA:236,0
DA:244,0
DA:245,0
DA:246,0
DA:249,0
DA:250,0
DA:252,0
DA:253,0
DA:255,0
DA:256,0
DA:258,0
DA:262,0
DA:263,0
DA:264,0
DA:265,0
DA:268,0
DA:269,0
DA:270,0
DA:274,0
DA:275,0
DA:276,0
DA:277,0
DA:278,0
DA:282,0
DA:285,0
DA:290,0
DA:291,0
DA:292,0
DA:296,0
DA:299,0
DA:304,0
DA:305,0
DA:306,0
DA:310,0
DA:313,0
DA:323,0
DA:330,1
DA:340,0
DA:341,0
LF:132
LH:24
end_of_record
SF:lib/features/profile/presentation/profile_screen.dart
DA:9,2
DA:11,1
DA:13,2
DA:14,2
DA:15,1
DA:16,2
DA:18,1
DA:19,1
DA:20,1
DA:21,1
DA:23,1
DA:24,1
DA:26,2
DA:27,1
DA:29,1
DA:31,1
DA:32,1
DA:33,1
DA:34,1
DA:36,3
DA:37,4
DA:40,1
DA:41,1
DA:43,1
DA:44,1
DA:46,4
DA:49,1
DA:51,5
DA:59,1
DA:61,1
DA:62,4
DA:63,1
DA:65,1
DA:67,1
DA:68,4
DA:70,1
DA:71,1
DA:72,3
DA:82,1
DA:84,2
DA:85,1
DA:86,1
DA:87,1
DA:90,2
DA:92,0
DA:93,0
DA:94,0
DA:96,0
DA:97,0
DA:102,1
DA:107,0
DA:108,0
DA:109,0
DA:116,1
DA:117,0
LF:55
LH:46
end_of_record
SF:lib/features/settings/presentation/dv_selection_screen.dart
DA:9,2
DA:11,0
DA:12,0
DA:19,0
DA:21,0
DA:22,0
DA:23,0
DA:24,0
DA:27,0
DA:29,0
DA:31,0
DA:32,0
DA:34,0
DA:35,0
DA:36,0
DA:41,0
DA:42,0
DA:43,0
DA:45,0
DA:46,0
DA:47,0
DA:48,0
DA:49,0
DA:50,0
DA:51,0
DA:53,0
DA:55,0
DA:56,0
DA:58,0
DA:60,0
DA:61,0
DA:62,0
DA:63,0
DA:65,0
DA:66,0
DA:67,0
DA:68,0
DA:70,0
DA:71,0
DA:76,0
DA:77,0
DA:79,0
DA:80,0
DA:81,0
DA:82,0
DA:83,0
DA:85,0
DA:89,0
DA:90,0
DA:91,0
DA:98,0
DA:99,0
DA:115,0
DA:116,0
DA:117,0
DA:118,0
DA:120,0
DA:128,0
DA:129,0
DA:130,0
DA:132,0
DA:133,0
DA:134,0
DA:136,0
DA:140,0
DA:142,0
DA:143,0
DA:147,0
DA:153,0
DA:154,0
DA:156,0
DA:157,0
DA:158,0
DA:159,0
DA:160,0
DA:161,0
DA:163,0
DA:165,0
DA:166,0
DA:167,0
DA:168,0
DA:169,0
DA:170,0
DA:172,0
DA:173,0
DA:174,0
DA:175,0
DA:177,0
DA:185,0
DA:186,0
DA:187,0
DA:190,0
DA:191,0
LF:93
LH:1
end_of_record
SF:lib/features/settings/data/dv_tree_provider.dart
DA:7,0
DA:8,0
DA:9,0
DA:10,0
DA:11,0
DA:16,0
DA:17,0
DA:23,0
DA:24,0
DA:26,0
DA:30,0
DA:31,0
DA:32,0
DA:33,0
DA:34,0
DA:35,0
DA:37,0
DA:40,0
LF:18
LH:0
end_of_record
SF:lib/features/settings/presentation/app_settings_screen.dart
DA:7,2
DA:19,1
DA:21,2
DA:22,2
DA:23,2
DA:25,1
DA:26,1
DA:27,1
DA:29,1
DA:30,1
DA:32,2
DA:33,1
DA:34,1
DA:35,1
DA:39,0
DA:40,0
DA:47,1
DA:49,2
DA:50,1
DA:51,1
DA:56,1
DA:58,1
DA:59,1
DA:61,1
DA:62,1
DA:63,2
DA:64,1
DA:65,2
DA:68,1
DA:69,0
DA:71,0
DA:79,1
DA:81,2
DA:82,1
DA:83,1
DA:88,1
DA:90,1
DA:91,1
DA:93,1
DA:94,1
DA:95,2
DA:96,1
DA:97,2
DA:100,1
DA:101,0
DA:103,0
LF:46
LH:40
end_of_record
SF:lib/features/settings/presentation/confetti_overlay.dart
DA:6,2
DA:25,0
DA:26,0
DA:30,0
DA:53,0
DA:55,0
DA:56,0
DA:57,0
DA:58,0
DA:61,0
DA:63,0
DA:64,0
DA:67,0
DA:68,0
DA:70,0
DA:71,0
DA:72,0
DA:73,0
DA:74,0
DA:76,0
DA:78,0
DA:79,0
DA:80,0
DA:81,0
DA:83,0
DA:84,0
DA:85,0
DA:86,0
DA:88,0
DA:89,0
DA:91,0
DA:101,0
DA:102,0
DA:105,0
DA:107,0
DA:108,0
DA:109,0
DA:110,0
DA:112,0
DA:116,0
DA:117,0
DA:118,0
DA:119,0
DA:120,0
DA:121,0
DA:122,0
DA:124,0
DA:127,0
DA:128,0
DA:130,0
DA:131,0
DA:132,0
DA:142,0
DA:147,0
DA:149,0
DA:150,0
DA:151,0
DA:152,0
DA:153,0
DA:154,0
DA:155,0
DA:157,0
DA:158,0
DA:160,0
DA:161,0
DA:164,0
DA:168,0
LF:67
LH:1
end_of_record
SF:lib/features/settings/presentation/debug_tools_screen.dart
DA:12,4
DA:13,3
DA:17,2
DA:21,0
DA:22,0
DA:24,0
DA:25,0
DA:26,0
DA:28,0
DA:34,2
DA:36,1
DA:37,1
DA:41,1
DA:43,1
DA:44,1
DA:51,2
DA:55,1
DA:56,1
DA:62,1
DA:64,2
DA:65,1
DA:68,1
DA:70,3
DA:71,1
DA:72,1
DA:73,3
DA:74,3
DA:76,2
DA:78,1
DA:79,1
DA:83,1
DA:84,1
DA:85,1
DA:90,0
DA:91,0
DA:94,1
DA:98,0
DA:99,1
DA:101,0
DA:102,0
DA:105,0
DA:106,0
DA:109,1
DA:114,1
DA:116,0
DA:118,0
DA:119,0
DA:120,0
DA:121,0
DA:127,0
DA:140,1
DA:144,1
DA:145,1
DA:146,1
DA:149,0
DA:150,0
DA:156,0
DA:158,0
DA:164,1
DA:167,0
DA:168,0
DA:173,0
DA:182,1
DA:186,1
DA:187,1
DA:188,1
DA:192,0
DA:193,0
DA:194,0
DA:198,1
DA:203,0
DA:204,0
DA:205,0
DA:206,0
DA:216,2
DA:217,0
DA:220,1
DA:221,1
DA:222,1
DA:225,1
DA:226,2
DA:227,1
DA:231,1
DA:233,1
DA:234,1
DA:236,1
DA:237,1
DA:246,0
DA:247,0
DA:248,0
DA:250,0
DA:251,0
DA:253,0
DA:257,0
DA:258,0
DA:259,0
DA:262,0
DA:263,0
DA:264,0
DA:265,0
DA:266,0
DA:267,0
DA:277,0
DA:278,0
DA:284,1
DA:292,1
DA:294,1
DA:297,1
DA:298,3
DA:299,1
DA:301,4
DA:303,1
DA:304,1
DA:312,3
DA:324,1
DA:326,1
DA:327,1
DA:328,1
DA:329,1
DA:331,1
DA:333,1
DA:335,1
DA:336,2
DA:337,1
DA:338,1
DA:339,2
DA:345,1
DA:347,1
DA:348,1
DA:350,1
DA:351,1
DA:354,1
DA:355,1
DA:356,1
DA:358,2
DA:361,1
DA:362,1
DA:364,1
DA:365,1
DA:366,1
DA:367,3
DA:372,1
DA:373,1
DA:374,3
DA:375,1
DA:385,1
DA:393,1
DA:397,1
DA:399,1
DA:401,1
DA:402,5
DA:403,2
DA:404,5
DA:412,1
DA:424,1
DA:426,2
DA:427,1
DA:428,1
DA:429,1
DA:430,1
DA:431,2
DA:432,2
DA:434,2
DA:436,1
DA:438,2
DA:441,1
DA:443,1
DA:444,1
DA:446,2
DA:447,3
DA:454,2
DA:456,1
DA:457,1
DA:465,1
DA:467,3
DA:468,1
DA:469,1
DA:471,1
DA:472,2
DA:473,2
DA:474,1
DA:475,1
DA:476,2
DA:477,0
DA:479,1
DA:481,2
DA:482,0
DA:483,0
DA:486,0
DA:487,0
DA:492,1
DA:494,1
DA:495,1
DA:497,0
DA:498,0
DA:499,3
DA:500,1
DA:504,1
DA:505,1
DA:514,0
DA:515,0
DA:518,0
DA:519,0
DA:520,0
DA:521,0
DA:526,1
DA:533,1
DA:538,1
DA:539,0
DA:541,0
DA:549,0
DA:550,0
DA:551,0
DA:556,1
DA:557,1
DA:558,1
DA:560,1
DA:565,0
DA:566,0
DA:569,0
DA:571,0
DA:575,0
DA:576,0
DA:579,0
DA:582,0
DA:584,0
DA:585,0
DA:586,0
DA:587,0
DA:596,1
DA:598,1
DA:603,0
DA:604,0
DA:607,0
DA:609,0
DA:613,0
DA:616,0
DA:619,1
DA:625,0
DA:626,0
DA:629,0
DA:631,0
DA:634,0
DA:635,0
DA:638,0
DA:639,0
DA:640,0
DA:642,0
DA:657,0
DA:661,0
DA:662,0
DA:670,0
DA:672,0
DA:674,0
DA:675,0
DA:678,0
DA:680,0
DA:681,0
DA:682,0
DA:683,0
DA:685,0
DA:686,0
DA:687,0
DA:688,0
DA:689,0
DA:692,0
DA:693,0
DA:694,0
DA:698,0
DA:700,0
DA:701,0
DA:702,0
DA:703,0
DA:704,0
DA:705,0
DA:706,0
DA:707,0
DA:709,0
DA:711,0
DA:712,0
DA:713,0
DA:716,0
DA:717,0
DA:722,0
DA:724,0
DA:725,0
DA:727,0
DA:728,0
DA:729,0
DA:730,0
DA:732,0
DA:734,0
DA:735,0
DA:737,0
DA:739,0
DA:740,0
DA:741,0
DA:742,0
DA:746,0
DA:756,0
DA:757,0
DA:760,0
DA:761,0
DA:762,0
DA:763,0
DA:768,0
DA:775,0
DA:780,0
DA:781,0
DA:783,0
DA:791,0
DA:792,0
DA:793,0
DA:801,0
DA:802,0
DA:803,0
DA:805,0
DA:810,0
DA:811,0
DA:814,0
DA:816,0
DA:820,0
DA:823,0
DA:826,0
DA:828,0
DA:833,0
DA:834,0
DA:837,0
DA:839,0
DA:843,0
DA:847,0
DA:850,0
DA:852,0
DA:853,0
DA:854,0
DA:855,0
DA:864,0
DA:870,0
DA:871,0
DA:874,0
DA:876,0
DA:879,0
DA:880,0
DA:883,0
DA:884,0
DA:885,0
DA:887,0
DA:895,0
DA:911,0
DA:917,0
DA:918,0
DA:923,0
DA:924,0
DA:925,0
DA:928,0
DA:932,0
DA:942,0
DA:943,0
DA:950,0
DA:952,0
DA:953,0
DA:954,0
DA:955,0
DA:956,0
DA:960,0
DA:962,0
DA:963,0
DA:964,0
DA:967,0
DA:968,0
DA:971,0
DA:974,0
DA:975,0
DA:978,0
DA:979,0
DA:985,0
DA:986,0
DA:989,0
DA:990,0
DA:991,0
DA:992,0
DA:995,0
DA:996,0
DA:1000,0
DA:1002,0
DA:1003,0
DA:1004,0
DA:1005,0
DA:1006,0
DA:1008,0
DA:1009,0
DA:1010,0
DA:1011,0
DA:1012,0
DA:1016,0
DA:1017,0
DA:1020,0
DA:1021,0
DA:1032,0
DA:1037,0
DA:1048,0
DA:1049,0
DA:1051,0
DA:1054,0
DA:1055,0
DA:1056,0
DA:1057,0
DA:1059,0
DA:1060,0
DA:1061,0
DA:1062,0
DA:1063,0
DA:1067,0
DA:1068,0
DA:1069,0
DA:1070,0
DA:1071,0
DA:1072,0
DA:1077,0
DA:1079,0
DA:1080,0
DA:1082,0
DA:1083,0
DA:1084,0
DA:1085,0
DA:1086,0
DA:1087,0
DA:1088,0
DA:1089,0
DA:1091,0
DA:1092,0
DA:1094,0
DA:1095,0
DA:1108,0
DA:1116,2
DA:1118,0
DA:1120,0
DA:1121,0
DA:1122,0
DA:1138,2
DA:1140,0
DA:1142,0
DA:1143,0
LF:443
LH:153
end_of_record
SF:lib/features/settings/presentation/notification_settings_screen.dart
DA:9,2
DA:11,1
DA:13,2
DA:14,2
DA:16,2
DA:17,2
DA:18,2
DA:20,2
DA:22,2
DA:26,1
DA:27,1
DA:28,1
DA:30,1
DA:31,1
DA:34,2
DA:35,1
DA:36,1
DA:37,1
DA:39,1
DA:45,0
DA:46,0
DA:47,0
DA:50,0
DA:51,0
DA:52,0
DA:53,0
DA:54,0
DA:55,0
DA:56,0
DA:59,0
DA:60,0
DA:67,1
DA:70,2
DA:71,1
DA:72,1
DA:73,1
DA:79,0
DA:81,0
DA:82,0
DA:84,0
DA:85,0
DA:89,1
DA:91,1
DA:94,1
DA:96,3
DA:97,1
DA:99,1
DA:100,1
DA:105,1
DA:107,0
DA:108,0
DA:109,0
DA:110,0
DA:122,1
DA:128,0
DA:130,0
DA:131,0
DA:135,1
DA:137,1
DA:141,0
DA:144,0
DA:145,0
DA:146,0
DA:149,1
DA:151,2
DA:152,1
DA:153,3
DA:159,1
DA:164,0
DA:166,0
DA:167,0
DA:171,1
DA:173,1
DA:176,0
DA:179,0
DA:180,0
DA:181,0
DA:184,1
DA:186,2
DA:187,1
DA:188,3
DA:194,1
DA:200,0
DA:202,0
DA:203,0
LF:85
LH:47
end_of_record
SF:lib/features/settings/presentation/settings_screen.dart
DA:11,0
DA:13,1
DA:14,1
DA:21,0
DA:22,0
DA:23,0
DA:24,0
DA:25,0
DA:27,0
DA:30,0
DA:31,0
DA:32,0
DA:33,0
DA:37,0
DA:38,0
DA:39,0
DA:40,0
DA:41,0
DA:42,0
DA:43,0
DA:48,1
DA:50,1
DA:51,1
DA:52,1
DA:54,1
DA:55,1
DA:57,1
DA:58,1
DA:59,1
DA:60,1
DA:65,1
DA:66,2
DA:67,2
DA:71,1
DA:76,1
DA:77,2
DA:78,2
DA:85,1
DA:86,1
DA:87,1
DA:88,1
DA:93,1
DA:94,2
DA:95,2
DA:102,1
DA:103,1
DA:104,1
DA:105,1
DA:106,1
DA:111,1
DA:113,1
DA:142,1
DA:143,1
DA:145,2
DA:146,1
DA:147,1
DA:148,1
DA:149,2
DA:150,2
DA:153,1
DA:155,1
DA:156,1
DA:157,1
DA:159,3
DA:160,4
DA:163,1
DA:164,1
DA:166,1
DA:169,5
DA:183,1
DA:184,1
DA:186,1
DA:190,1
DA:191,1
DA:193,2
DA:194,1
DA:198,1
DA:206,1
DA:208,1
DA:210,3
DA:211,4
DA:213,1
DA:214,1
LF:83
LH:65
end_of_record
